#
# There is insufficient memory for the Java Runtime Environment to continue.
# Native memory allocation (mmap) failed to map 46661632 bytes for committing reserved memory.
# Possible reasons:
#   The system is out of physical RAM or swap space
#   In 32 bit mode, the process size limit was hit
# Possible solutions:
#   Reduce memory load on the system
#   Increase physical memory or swap space
#   Check if swap backing store is full
#   Use 64 bit Java on a 64 bit OS
#   Decrease Java heap size (-Xmx/-Xms)
#   Decrease number of Java threads
#   Decrease Java thread stack sizes (-Xss)
#   Set larger code cache with -XX:ReservedCodeCacheSize=
# This output file may be truncated or incomplete.
#
#  Out of Memory Error (os_linux.cpp:2643), pid=6039, tid=0x00007fd8fcdc1700
#
# JRE version: OpenJDK Runtime Environment (8.0_131-b11) (build 1.8.0_131-8u131-b11-2ubuntu1.16.04.3-b11)
# Java VM: OpenJDK 64-Bit Server VM (25.131-b11 mixed mode linux-amd64 compressed oops)
# Failed to write core dump. Core dumps have been disabled. To enable core dumping, try "ulimit -c unlimited" before starting Java again
#

---------------  T H R E A D  ---------------

Current thread (0x00007fd8f8073800):  VMThread [stack: 0x00007fd8fccc1000,0x00007fd8fcdc2000] [id=6062]

Stack: [0x00007fd8fccc1000,0x00007fd8fcdc2000],  sp=0x00007fd8fcdc04c0,  free space=1021k
Native frames: (J=compiled Java code, j=interpreted, Vv=VM code, C=native code)
V  [libjvm.so+0xa6a1bb]
V  [libjvm.so+0x4c5a6c]
V  [libjvm.so+0x8b85a0]
V  [libjvm.so+0x8b2a1e]
V  [libjvm.so+0x92d556]
V  [libjvm.so+0x92e883]
V  [libjvm.so+0x92af33]
V  [libjvm.so+0x92b1fc]
V  [libjvm.so+0x8dd093]
V  [libjvm.so+0xa6be72]
V  [libjvm.so+0xa70f57]
V  [libjvm.so+0xa6e727]
V  [libjvm.so+0xa6fbaf]
V  [libjvm.so+0xa700a1]
V  [libjvm.so+0x8b5a82]

VM_Operation (0x00007fd90241cc20): ParallelGCFailedAllocation, mode: safepoint, requested by thread 0x00007fd8f800a000


---------------  P R O C E S S  ---------------

Java Threads: ( => current thread )
  0x00007fd8f80af800 JavaThread "Service Thread" daemon [_thread_blocked, id=6068, stack(0x00007fd8fc2b2000,0x00007fd8fc3b3000)]
  0x00007fd8f80ad000 JavaThread "C1 CompilerThread1" daemon [_thread_blocked, id=6067, stack(0x00007fd8fc3b3000,0x00007fd8fc4b4000)]
  0x00007fd8f80aa000 JavaThread "C2 CompilerThread0" daemon [_thread_blocked, id=6066, stack(0x00007fd8fc4b4000,0x00007fd8fc5b5000)]
  0x00007fd8f80a8000 JavaThread "Signal Dispatcher" daemon [_thread_blocked, id=6065, stack(0x00007fd8fc5b5000,0x00007fd8fc6b6000)]
  0x00007fd8f807f800 JavaThread "Finalizer" daemon [_thread_blocked, id=6064, stack(0x00007fd8fcabf000,0x00007fd8fcbc0000)]
  0x00007fd8f807b000 JavaThread "Reference Handler" daemon [_thread_blocked, id=6063, stack(0x00007fd8fcbc0000,0x00007fd8fccc1000)]
  0x00007fd8f800a000 JavaThread "main" [_thread_blocked, id=6059, stack(0x00007fd90231f000,0x00007fd902420000)]

Other Threads:
=>0x00007fd8f8073800 VMThread [stack: 0x00007fd8fccc1000,0x00007fd8fcdc2000] [id=6062]
  0x00007fd8f80be800 WatcherThread [stack: 0x00007fd8fc1b1000,0x00007fd8fc2b2000] [id=6069]

VM state:at safepoint (normal execution)

VM Mutex/Monitor currently owned by a thread:  ([mutex/lock_event])
[0x00007fd8f8006580] Threads_lock - owner thread: 0x00007fd8f8073800
[0x00007fd8f8006a80] Heap_lock - owner thread: 0x00007fd8f800a000

Heap:
 PSYoungGen      total 208896K, used 4384K [0x00000000e7300000, 0x00000000f6200000, 0x0000000100000000)
  eden space 190464K, 0% used [0x00000000e7300000,0x00000000e7300000,0x00000000f2d00000)
  from space 18432K, 23% used [0x00000000f2d00000,0x00000000f3148070,0x00000000f3f00000)
  to   space 14848K, 0% used [0x00000000f3f00000,0x00000000f3f00000,0x00000000f4d80000)
 ParOldGen       total 47616K, used 40816K [0x00000000b5800000, 0x00000000b8680000, 0x00000000e7300000)
  object space 47616K, 85% used [0x00000000b5800000,0x00000000b7fdc038,0x00000000b8680000)
 Metaspace       used 25490K, capacity 26174K, committed 26368K, reserved 1073152K
  class space    used 2873K, capacity 3033K, committed 3072K, reserved 1048576K

Card table byte_map: [0x00007fd8fe783000,0x00007fd8fe9d8000] byte_map_base: 0x00007fd8fe1d7000

Marking Bits: (ParMarkBitMap*) 0x00007fd9015ed2c0
 Begin Bits: [0x00007fd8e6ac0000, 0x00007fd8e7d60000)
 End Bits:   [0x00007fd8e7d60000, 0x00007fd8e9000000)

Polling page: 0x00007fd90243f000

CodeCache: size=245760Kb used=16187Kb max_used=16198Kb free=229572Kb
 bounds [0x00007fd8e9000000, 0x00007fd8e9ff0000, 0x00007fd8f8000000]
 total_blobs=5099 nmethods=4720 adapters=292
 compilation: enabled

Compilation events (10 events):
Event: 82,005 Thread 0x00007fd8f80ad000 5368       3       com.sun.tools.javac.file.JavacFileManager::isSameFile (84 bytes)
Event: 82,006 Thread 0x00007fd8f80ad000 nmethod 5368 0x00007fd8e9fdded0 code [0x00007fd8e9fde1c0, 0x00007fd8e9fdfa08]
Event: 82,006 Thread 0x00007fd8f80ad000 5367       3       javax.lang.model.SourceVersion::isKeyword (17 bytes)
Event: 82,006 Thread 0x00007fd8f80ad000 nmethod 5367 0x00007fd8e9fe0390 code [0x00007fd8e9fe0520, 0x00007fd8e9fe08b8]
Event: 82,008 Thread 0x00007fd8f80ad000 5369       1       org.hibernate.jpamodelgen.annotation.AnnotationMetaAttribute::getTypeDeclaration (5 bytes)
Event: 82,008 Thread 0x00007fd8f80ad000 nmethod 5369 0x00007fd8e9fccf10 code [0x00007fd8e9fcd060, 0x00007fd8e9fcd170]
Event: 82,011 Thread 0x00007fd8f80aa000 nmethod 5359 0x00007fd8e9fd6190 code [0x00007fd8e9fd62e0, 0x00007fd8e9fd6478]
Event: 82,011 Thread 0x00007fd8f80aa000 5364       4       sun.nio.cs.UTF_8::access$200 (8 bytes)
Event: 82,015 Thread 0x00007fd8f80aa000 nmethod 5364 0x00007fd8e9fe1890 code [0x00007fd8e9fe1a20, 0x00007fd8e9fe1d58]
Event: 82,015 Thread 0x00007fd8f80aa000 5365       4       sun.nio.cs.UTF_8::updatePositions (23 bytes)

GC Heap History (10 events):
Event: 10,867 GC heap after
Heap after GC invocations=7 (full 0):
 PSYoungGen      total 84480K, used 7152K [0x00000000e7300000, 0x00000000f1b00000, 0x0000000100000000)
  eden space 77312K, 0% used [0x00000000e7300000,0x00000000e7300000,0x00000000ebe80000)
  from space 7168K, 99% used [0x00000000ebe80000,0x00000000ec57c010,0x00000000ec580000)
  to   space 8704K, 0% used [0x00000000f1280000,0x00000000f1280000,0x00000000f1b00000)
 ParOldGen       total 52224K, used 9989K [0x00000000b5800000, 0x00000000b8b00000, 0x00000000e7300000)
  object space 52224K, 19% used [0x00000000b5800000,0x00000000b61c1520,0x00000000b8b00000)
 Metaspace       used 17706K, capacity 18120K, committed 18304K, reserved 1064960K
  class space    used 2021K, capacity 2131K, committed 2176K, reserved 1048576K
}
Event: 12,281 GC heap before
{Heap before GC invocations=8 (full 0):
 PSYoungGen      total 84480K, used 45783K [0x00000000e7300000, 0x00000000f1b00000, 0x0000000100000000)
  eden space 77312K, 49% used [0x00000000e7300000,0x00000000e98b9c18,0x00000000ebe80000)
  from space 7168K, 99% used [0x00000000ebe80000,0x00000000ec57c010,0x00000000ec580000)
  to   space 8704K, 0% used [0x00000000f1280000,0x00000000f1280000,0x00000000f1b00000)
 ParOldGen       total 52224K, used 9989K [0x00000000b5800000, 0x00000000b8b00000, 0x00000000e7300000)
  object space 52224K, 19% used [0x00000000b5800000,0x00000000b61c1520,0x00000000b8b00000)
 Metaspace       used 20659K, capacity 21182K, committed 21248K, reserved 1069056K
  class space    used 2422K, capacity 2533K, committed 2560K, reserved 1048576K
Event: 12,307 GC heap after
Heap after GC invocations=8 (full 0):
 PSYoungGen      total 162304K, used 7791K [0x00000000e7300000, 0x00000000f1d00000, 0x0000000100000000)
  eden space 153600K, 0% used [0x00000000e7300000,0x00000000e7300000,0x00000000f0900000)
  from space 8704K, 89% used [0x00000000f1280000,0x00000000f1a1bec0,0x00000000f1b00000)
  to   space 9728K, 0% used [0x00000000f0900000,0x00000000f0900000,0x00000000f1280000)
 ParOldGen       total 52224K, used 11027K [0x00000000b5800000, 0x00000000b8b00000, 0x00000000e7300000)
  object space 52224K, 21% used [0x00000000b5800000,0x00000000b62c4d70,0x00000000b8b00000)
 Metaspace       used 20659K, capacity 21182K, committed 21248K, reserved 1069056K
  class space    used 2422K, capacity 2533K, committed 2560K, reserved 1048576K
}
Event: 12,307 GC heap before
{Heap before GC invocations=9 (full 1):
 PSYoungGen      total 162304K, used 7791K [0x00000000e7300000, 0x00000000f1d00000, 0x0000000100000000)
  eden space 153600K, 0% used [0x00000000e7300000,0x00000000e7300000,0x00000000f0900000)
  from space 8704K, 89% used [0x00000000f1280000,0x00000000f1a1bec0,0x00000000f1b00000)
  to   space 9728K, 0% used [0x00000000f0900000,0x00000000f0900000,0x00000000f1280000)
 ParOldGen       total 52224K, used 11027K [0x00000000b5800000, 0x00000000b8b00000, 0x00000000e7300000)
  object space 52224K, 21% used [0x00000000b5800000,0x00000000b62c4d70,0x00000000b8b00000)
 Metaspace       used 20659K, capacity 21182K, committed 21248K, reserved 1069056K
  class space    used 2422K, capacity 2533K, committed 2560K, reserved 1048576K
Event: 12,512 GC heap after
Heap after GC invocations=9 (full 1):
 PSYoungGen      total 162304K, used 0K [0x00000000e7300000, 0x00000000f1d00000, 0x0000000100000000)
  eden space 153600K, 0% used [0x00000000e7300000,0x00000000e7300000,0x00000000f0900000)
  from space 8704K, 0% used [0x00000000f1280000,0x00000000f1280000,0x00000000f1b00000)
  to   space 9728K, 0% used [0x00000000f0900000,0x00000000f0900000,0x00000000f1280000)
 ParOldGen       total 47616K, used 13882K [0x00000000b5800000, 0x00000000b8680000, 0x00000000e7300000)
  object space 47616K, 29% used [0x00000000b5800000,0x00000000b658e8e0,0x00000000b8680000)
 Metaspace       used 20659K, capacity 21182K, committed 21248K, reserved 1069056K
  class space    used 2422K, capacity 2533K, committed 2560K, reserved 1048576K
}
Event: 18,797 GC heap before
{Heap before GC invocations=10 (full 1):
 PSYoungGen      total 162304K, used 153600K [0x00000000e7300000, 0x00000000f1d00000, 0x0000000100000000)
  eden space 153600K, 100% used [0x00000000e7300000,0x00000000f0900000,0x00000000f0900000)
  from space 8704K, 0% used [0x00000000f1280000,0x00000000f1280000,0x00000000f1b00000)
  to   space 9728K, 0% used [0x00000000f0900000,0x00000000f0900000,0x00000000f1280000)
 ParOldGen       total 47616K, used 13882K [0x00000000b5800000, 0x00000000b8680000, 0x00000000e7300000)
  object space 47616K, 29% used [0x00000000b5800000,0x00000000b658e8e0,0x00000000b8680000)
 Metaspace       used 24395K, capacity 25038K, committed 25216K, reserved 1071104K
  class space    used 2766K, capacity 2899K, committed 2944K, reserved 1048576K
Event: 18,847 GC heap after
Heap after GC invocations=10 (full 1):
 PSYoungGen      total 163328K, used 9707K [0x00000000e7300000, 0x00000000f4d80000, 0x0000000100000000)
  eden space 153600K, 0% used [0x00000000e7300000,0x00000000e7300000,0x00000000f0900000)
  from space 9728K, 99% used [0x00000000f0900000,0x00000000f127ae98,0x00000000f1280000)
  to   space 14848K, 0% used [0x00000000f3f00000,0x00000000f3f00000,0x00000000f4d80000)
 ParOldGen       total 47616K, used 24013K [0x00000000b5800000, 0x00000000b8680000, 0x00000000e7300000)
  object space 47616K, 50% used [0x00000000b5800000,0x00000000b6f734e0,0x00000000b8680000)
 Metaspace       used 24395K, capacity 25038K, committed 25216K, reserved 1071104K
  class space    used 2766K, capacity 2899K, committed 2944K, reserved 1048576K
}
Event: 20,594 GC heap before
{Heap before GC invocations=11 (full 1):
 PSYoungGen      total 163328K, used 163307K [0x00000000e7300000, 0x00000000f4d80000, 0x0000000100000000)
  eden space 153600K, 100% used [0x00000000e7300000,0x00000000f0900000,0x00000000f0900000)
  from space 9728K, 99% used [0x00000000f0900000,0x00000000f127ae98,0x00000000f1280000)
  to   space 14848K, 0% used [0x00000000f3f00000,0x00000000f3f00000,0x00000000f4d80000)
 ParOldGen       total 47616K, used 24013K [0x00000000b5800000, 0x00000000b8680000, 0x00000000e7300000)
  object space 47616K, 50% used [0x00000000b5800000,0x00000000b6f734e0,0x00000000b8680000)
 Metaspace       used 24991K, capacity 25710K, committed 25856K, reserved 1073152K
  class space    used 2823K, capacity 2963K, committed 3072K, reserved 1048576K
Event: 21,802 GC heap after
Heap after GC invocations=11 (full 1):
 PSYoungGen      total 205312K, used 14823K [0x00000000e7300000, 0x00000000f6200000, 0x0000000100000000)
  eden space 190464K, 0% used [0x00000000e7300000,0x00000000e7300000,0x00000000f2d00000)
  from space 14848K, 99% used [0x00000000f3f00000,0x00000000f4d79cb8,0x00000000f4d80000)
  to   space 18432K, 0% used [0x00000000f2d00000,0x00000000f2d00000,0x00000000f3f00000)
 ParOldGen       total 47616K, used 27493K [0x00000000b5800000, 0x00000000b8680000, 0x00000000e7300000)
  object space 47616K, 57% used [0x00000000b5800000,0x00000000b72d9430,0x00000000b8680000)
 Metaspace       used 24991K, capacity 25710K, committed 25856K, reserved 1073152K
  class space    used 2823K, capacity 2963K, committed 3072K, reserved 1048576K
}
Event: 82,023 GC heap before
{Heap before GC invocations=12 (full 1):
 PSYoungGen      total 205312K, used 205287K [0x00000000e7300000, 0x00000000f6200000, 0x0000000100000000)
  eden space 190464K, 100% used [0x00000000e7300000,0x00000000f2d00000,0x00000000f2d00000)
  from space 14848K, 99% used [0x00000000f3f00000,0x00000000f4d79cb8,0x00000000f4d80000)
  to   space 18432K, 0% used [0x00000000f2d00000,0x00000000f2d00000,0x00000000f3f00000)
 ParOldGen       total 47616K, used 27493K [0x00000000b5800000, 0x00000000b8680000, 0x00000000e7300000)
  object space 47616K, 57% used [0x00000000b5800000,0x00000000b72d9430,0x00000000b8680000)
 Metaspace       used 25490K, capacity 26174K, committed 26368K, reserved 1073152K
  class space    used 2873K, capacity 3033K, committed 3072K, reserved 1048576K

Deoptimization events (10 events):
Event: 16,601 Thread 0x00007fd8f800a000 Uncommon trap: reason=class_check action=maybe_recompile pc=0x00007fd8e9e15c84 method=com.sun.tools.javac.util.List.prependList(Lcom/sun/tools/javac/util/List;)Lcom/sun/tools/javac/util/List; @ 1
Event: 16,627 Thread 0x00007fd8f800a000 Uncommon trap: reason=class_check action=maybe_recompile pc=0x00007fd8e9e15c84 method=com.sun.tools.javac.util.List.prependList(Lcom/sun/tools/javac/util/List;)Lcom/sun/tools/javac/util/List; @ 1
Event: 17,410 Thread 0x00007fd8f800a000 Uncommon trap: reason=bimorphic action=maybe_recompile pc=0x00007fd8e9734f60 method=java.util.regex.Pattern$5.isSatisfiedBy(I)Z @ 5
Event: 17,410 Thread 0x00007fd8f800a000 Uncommon trap: reason=bimorphic action=maybe_recompile pc=0x00007fd8e9734f48 method=java.util.regex.Pattern$5.isSatisfiedBy(I)Z @ 5
Event: 17,410 Thread 0x00007fd8f800a000 Uncommon trap: reason=bimorphic action=maybe_recompile pc=0x00007fd8e9734f48 method=java.util.regex.Pattern$5.isSatisfiedBy(I)Z @ 5
Event: 17,410 Thread 0x00007fd8f800a000 Uncommon trap: reason=bimorphic action=maybe_recompile pc=0x00007fd8e9734f48 method=java.util.regex.Pattern$5.isSatisfiedBy(I)Z @ 5
Event: 17,585 Thread 0x00007fd8f800a000 Uncommon trap: reason=unstable_if action=reinterpret pc=0x00007fd8e97082a8 method=java.lang.reflect.Field.get(Ljava/lang/Object;)Ljava/lang/Object; @ 4
Event: 20,012 Thread 0x00007fd8f800a000 Uncommon trap: reason=bimorphic action=maybe_recompile pc=0x00007fd8e96d90f8 method=java.util.regex.Pattern$CharProperty.match(Ljava/util/regex/Matcher;ILjava/lang/CharSequence;)Z @ 37
Event: 20,110 Thread 0x00007fd8f800a000 Uncommon trap: reason=unstable_if action=reinterpret pc=0x00007fd8e9159ab0 method=lombok.core.configuration.FileSystemSourceCache.getSourceForDirectory(Ljava/io/File;Llombok/core/configuration/ConfigurationProblemReporter;)Llombok/core/configuration/Confi
Event: 23,353 Thread 0x00007fd8f800a000 Uncommon trap: reason=predicate action=maybe_recompile pc=0x00007fd8e961ed5c method=java.util.regex.Pattern$SliceI.match(Ljava/util/regex/Matcher;ILjava/lang/CharSequence;)Z @ 21

Internal exceptions (10 events):
Event: 15,978 Thread 0x00007fd8f800a000 Exception <a 'java/io/FileNotFoundException'> (0x00000000ea79ca48) thrown at [/build/openjdk-8-pZyJp3/openjdk-8-8u131-b11/src/hotspot/src/share/vm/prims/jni.cpp, line 709]
Event: 15,978 Thread 0x00007fd8f800a000 Exception <a 'java/io/FileNotFoundException'> (0x00000000ea79d960) thrown at [/build/openjdk-8-pZyJp3/openjdk-8-8u131-b11/src/hotspot/src/share/vm/prims/jni.cpp, line 709]
Event: 15,980 Thread 0x00007fd8f800a000 Exception <a 'java/io/FileNotFoundException'> (0x00000000ea7d7a30) thrown at [/build/openjdk-8-pZyJp3/openjdk-8-8u131-b11/src/hotspot/src/share/vm/prims/jni.cpp, line 709]
Event: 15,980 Thread 0x00007fd8f800a000 Exception <a 'java/io/FileNotFoundException'> (0x00000000ea7d88f0) thrown at [/build/openjdk-8-pZyJp3/openjdk-8-8u131-b11/src/hotspot/src/share/vm/prims/jni.cpp, line 709]
Event: 15,980 Thread 0x00007fd8f800a000 Exception <a 'java/io/FileNotFoundException'> (0x00000000ea7d97d0) thrown at [/build/openjdk-8-pZyJp3/openjdk-8-8u131-b11/src/hotspot/src/share/vm/prims/jni.cpp, line 709]
Event: 15,980 Thread 0x00007fd8f800a000 Exception <a 'java/io/FileNotFoundException'> (0x00000000ea7da678) thrown at [/build/openjdk-8-pZyJp3/openjdk-8-8u131-b11/src/hotspot/src/share/vm/prims/jni.cpp, line 709]
Event: 15,980 Thread 0x00007fd8f800a000 Exception <a 'java/io/FileNotFoundException'> (0x00000000ea7db8a0) thrown at [/build/openjdk-8-pZyJp3/openjdk-8-8u131-b11/src/hotspot/src/share/vm/prims/jni.cpp, line 709]
Event: 15,981 Thread 0x00007fd8f800a000 Exception <a 'java/io/FileNotFoundException'> (0x00000000ea809ec8) thrown at [/build/openjdk-8-pZyJp3/openjdk-8-8u131-b11/src/hotspot/src/share/vm/prims/jni.cpp, line 709]
Event: 15,981 Thread 0x00007fd8f800a000 Exception <a 'java/io/FileNotFoundException'> (0x00000000ea80ada0) thrown at [/build/openjdk-8-pZyJp3/openjdk-8-8u131-b11/src/hotspot/src/share/vm/prims/jni.cpp, line 709]
Event: 15,981 Thread 0x00007fd8f800a000 Exception <a 'java/io/FileNotFoundException'> (0x00000000ea80bc28) thrown at [/build/openjdk-8-pZyJp3/openjdk-8-8u131-b11/src/hotspot/src/share/vm/prims/jni.cpp, line 709]

Events (10 events):
Event: 54,320 loading class org/hibernate/jpamodelgen/annotation/BasicAttributeVisitor done
Event: 55,987 loading class org/hibernate/jpamodelgen/ClassWriter
Event: 56,017 loading class org/hibernate/jpamodelgen/ClassWriter done
Event: 64,403 loading class org/hibernate/jpamodelgen/ClassWriter$1
Event: 64,403 loading class org/hibernate/jpamodelgen/ClassWriter$1 done
Event: 80,697 loading class javax/annotation/Generated
Event: 81,013 loading class javax/annotation/Generated done
Event: 81,648 loading class javax/tools/StandardLocation$2
Event: 81,852 loading class javax/tools/StandardLocation$2 done
Event: 82,016 Executing VM operation: ParallelGCFailedAllocation


Dynamic libraries:
00400000-00401000 r-xp 00000000 08:01 402631                             /usr/lib/jvm/java-8-openjdk-amd64/jre/bin/java
00600000-00601000 r--p 00000000 08:01 402631                             /usr/lib/jvm/java-8-openjdk-amd64/jre/bin/java
00601000-00602000 rw-p 00001000 08:01 402631                             /usr/lib/jvm/java-8-openjdk-amd64/jre/bin/java
007fb000-0081c000 rw-p 00000000 00:00 0                                  [heap]
b5800000-b8680000 rw-p 00000000 00:00 0 
b8680000-e7300000 ---p 00000000 00:00 0 
e7300000-f6200000 rw-p 00000000 00:00 0 
f8e80000-100000000 ---p 00000000 00:00 0 
100000000-100300000 rw-p 00000000 00:00 0 
100300000-140000000 ---p 00000000 00:00 0 
7fd8b8000000-7fd8b8021000 rw-p 00000000 00:00 0 
7fd8b8021000-7fd8bc000000 ---p 00000000 00:00 0 
7fd8c0000000-7fd8c0d18000 rw-p 00000000 00:00 0 
7fd8c0d18000-7fd8c4000000 ---p 00000000 00:00 0 
7fd8c4000000-7fd8c4021000 rw-p 00000000 00:00 0 
7fd8c4021000-7fd8c8000000 ---p 00000000 00:00 0 
7fd8c8000000-7fd8c8021000 rw-p 00000000 00:00 0 
7fd8c8021000-7fd8cc000000 ---p 00000000 00:00 0 
7fd8cc000000-7fd8cdf76000 rw-p 00000000 00:00 0 
7fd8cdf76000-7fd8d0000000 ---p 00000000 00:00 0 
7fd8d0000000-7fd8d0021000 rw-p 00000000 00:00 0 
7fd8d0021000-7fd8d4000000 ---p 00000000 00:00 0 
7fd8d4000000-7fd8d4021000 rw-p 00000000 00:00 0 
7fd8d4021000-7fd8d8000000 ---p 00000000 00:00 0 
7fd8d8000000-7fd8d8021000 rw-p 00000000 00:00 0 
7fd8d8021000-7fd8dc000000 ---p 00000000 00:00 0 
7fd8dc000000-7fd8dc021000 rw-p 00000000 00:00 0 
7fd8dc021000-7fd8e0000000 ---p 00000000 00:00 0 
7fd8e0000000-7fd8e0021000 rw-p 00000000 00:00 0 
7fd8e0021000-7fd8e4000000 ---p 00000000 00:00 0 
7fd8e5160000-7fd8e5220000 rw-p 00000000 00:00 0 
7fd8e5220000-7fd8e5360000 ---p 00000000 00:00 0 
7fd8e5360000-7fd8e5560000 rw-p 00000000 00:00 0 
7fd8e5560000-7fd8e5573000 r--s 00346000 08:01 402596                     /usr/lib/jvm/java-8-openjdk-amd64/jre/lib/resources.jar
7fd8e5573000-7fd8e5574000 r--s 00000000 08:01 404067                     /home/proyecto/.m2/repository/org/codehaus/mojo/animal-sniffer-annotations/1.14/animal-sniffer-annotations-1.14.jar
7fd8e5574000-7fd8e5576000 r--s 00001000 08:01 404066                     /home/proyecto/.m2/repository/com/google/j2objc/j2objc-annotations/1.1/j2objc-annotations-1.1.jar
7fd8e5576000-7fd8e5577000 r--s 00002000 08:01 404063                     /home/proyecto/.m2/repository/com/google/errorprone/error_prone_annotations/2.0.18/error_prone_annotations-2.0.18.jar
7fd8e5577000-7fd8e557a000 r--s 00006000 08:01 404061                     /home/proyecto/.m2/repository/com/google/code/findbugs/jsr305/1.3.9/jsr305-1.3.9.jar
7fd8e557a000-7fd8e55aa000 r--s 0024f000 08:01 404059                     /home/proyecto/.m2/repository/com/google/guava/guava/23.0/guava-23.0.jar
7fd8e55aa000-7fd8e55af000 r--s 00046000 08:01 404057                     /home/proyecto/.m2/repository/org/apache/commons/commons-lang3/3.0/commons-lang3-3.0.jar
7fd8e55af000-7fd8e55c4000 r--s 0014b000 08:01 404045                     /home/proyecto/.m2/repository/org/projectlombok/lombok/1.16.18/lombok-1.16.18.jar
7fd8e55c4000-7fd8e55c8000 r--s 00028000 08:01 404055                     /home/proyecto/.m2/repository/org/hibernate/hibernate-jpamodelgen/5.2.11.Final/hibernate-jpamodelgen-5.2.11.Final.jar
7fd8e55c8000-7fd8e55cf000 r--s 000e8000 08:01 404022                     /home/proyecto/.m2/repository/org/geolatte/geolatte-geom/1.1.0/geolatte-geom-1.1.0.jar
7fd8e55cf000-7fd8e55d3000 r--s 0001a000 08:01 404039                     /home/proyecto/.m2/repository/org/hibernate/hibernate-spatial/5.2.11.Final/hibernate-spatial-5.2.11.Final.jar
7fd8e55d3000-7fd8e55d4000 r--s 00001000 08:01 404041                     /home/proyecto/.m2/repository/org/hibernate/hibernate-hikaricp/5.2.11.Final/hibernate-hikaricp-5.2.11.Final.jar
7fd8e55d4000-7fd8e55d7000 r--s 00010000 08:01 404037                     /home/proyecto/.m2/repository/org/hibernate/common/hibernate-commons-annotations/5.0.1.Final/hibernate-commons-annotations-5.0.1.Final.jar
7fd8e55d7000-7fd8e55dc000 r--s 00048000 08:01 404053                     /home/proyecto/.m2/repository/dom4j/dom4j/1.6.1/dom4j-1.6.1.jar
7fd8e55dc000-7fd8e55de000 r--s 0000e000 08:01 404034                     /home/proyecto/.m2/repository/com/fasterxml/classmate/1.3.0/classmate-1.3.0.jar
7fd8e55de000-7fd8e55e1000 r--s 0002b000 08:01 404031                     /home/proyecto/.m2/repository/org/jboss/jandex/2.0.3.Final/jandex-2.0.3.Final.jar
7fd8e55e1000-7fd8e55e2000 r--s 00006000 08:01 404029                     /home/proyecto/.m2/repository/org/jboss/spec/javax/transaction/jboss-transaction-api_1.2_spec/1.0.1.Final/jboss-transaction-api_1.2_spec-1.0.1.Final.jar
7fd8e55e2000-7fd8e55e7000 r--s 00068000 08:01 404027                     /home/proyecto/.m2/repository/antlr/antlr/2.7.7/antlr-2.7.7.jar
7fd8e55e7000-7fd8e55f1000 r--s 000ae000 08:01 404026                     /home/proyecto/.m2/repository/org/javassist/javassist/3.20.0-GA/javassist-3.20.0-GA.jar
7fd8e55f1000-7fd8e55f6000 r--s 00017000 08:01 404023                     /home/proyecto/.m2/repository/org/hibernate/javax/persistence/hibernate-jpa-2.1-api/1.0.0.Final/hibernate-jpa-2.1-api-1.0.0.Final.jar
7fd8e55f6000-7fd8e55f8000 r--s 0000f000 08:01 404035                     /home/proyecto/.m2/repository/org/jboss/logging/jboss-logging/3.3.0.Final/jboss-logging-3.3.0.Final.jar
7fd8e55f8000-7fd8e5674000 r--s 005da000 08:01 404019                     /home/proyecto/.m2/repository/org/hibernate/hibernate-core/5.2.11.Final/hibernate-core-5.2.11.Final.jar
7fd8e5674000-7fd8e567c000 r--s 000a7000 08:01 404017                     /home/proyecto/.m2/repository/org/postgresql/postgresql/42.1.4/postgresql-42.1.4.jar
7fd8e567c000-7fd8e567f000 r--s 00020000 08:01 404013                     /home/proyecto/.m2/repository/com/zaxxer/HikariCP/2.7.1/HikariCP-2.7.1.jar
7fd8e567f000-7fd8e5684000 r--s 00034000 08:01 919200                     /home/proyecto/.m2/repository/com/google/code/gson/gson/2.8.2/gson-2.8.2.jar
7fd8e5684000-7fd8e5686000 r--s 00012000 08:01 403998                     /home/proyecto/.m2/repository/com/google/inject/extensions/guice-multibindings/4.0/guice-multibindings-4.0.jar
7fd8e5686000-7fd8e5886000 rw-p 00000000 00:00 0 
7fd8e5886000-7fd8e5a86000 rw-p 00000000 00:00 0 
7fd8e5a86000-7fd8e5c86000 rw-p 00000000 00:00 0 
7fd8e5c86000-7fd8e5c97000 r-xp 00000000 08:01 402562                     /usr/lib/jvm/java-8-openjdk-amd64/jre/lib/amd64/libnio.so
7fd8e5c97000-7fd8e5e97000 ---p 00011000 08:01 402562                     /usr/lib/jvm/java-8-openjdk-amd64/jre/lib/amd64/libnio.so
7fd8e5e97000-7fd8e5e98000 r--p 00011000 08:01 402562                     /usr/lib/jvm/java-8-openjdk-amd64/jre/lib/amd64/libnio.so
7fd8e5e98000-7fd8e5e99000 rw-p 00012000 08:01 402562                     /usr/lib/jvm/java-8-openjdk-amd64/jre/lib/amd64/libnio.so
7fd8e5e99000-7fd8e619a000 rw-p 00000000 00:00 0 
7fd8e619a000-7fd8e61b1000 r-xp 00000000 08:01 402580                     /usr/lib/jvm/java-8-openjdk-amd64/jre/lib/amd64/libnet.so
7fd8e61b1000-7fd8e63b0000 ---p 00017000 08:01 402580                     /usr/lib/jvm/java-8-openjdk-amd64/jre/lib/amd64/libnet.so
7fd8e63b0000-7fd8e63b1000 r--p 00016000 08:01 402580                     /usr/lib/jvm/java-8-openjdk-amd64/jre/lib/amd64/libnet.so
7fd8e63b1000-7fd8e63b2000 rw-p 00017000 08:01 402580                     /usr/lib/jvm/java-8-openjdk-amd64/jre/lib/amd64/libnet.so
7fd8e63b2000-7fd8e63b4000 r--s 00000000 08:01 403995                     /home/proyecto/.m2/repository/aopalliance/aopalliance/1.0/aopalliance-1.0.jar
7fd8e63b4000-7fd8e63b5000 r--s 00000000 08:01 404005                     /home/proyecto/.m2/repository/javax/inject/javax.inject/1/javax.inject-1.jar
7fd8e63b5000-7fd8e63c3000 r--s 00097000 08:01 404003                     /home/proyecto/.m2/repository/com/google/inject/guice/4.1.0/guice-4.1.0.jar
7fd8e63c3000-7fd8e63d7000 r--s 001bd000 08:01 822917                     /home/proyecto/.m2/repository/javax/media/jai_core/1.1.3/jai_core-1.1.3.jar
7fd8e63d7000-7fd8e63dc000 r--s 00041000 08:01 919198                     /home/proyecto/.m2/repository/commons-lang/commons-lang/2.6/commons-lang-2.6.jar
7fd8e63dc000-7fd8e63dd000 r--s 00003000 08:01 919196                     /home/proyecto/.m2/repository/com/googlecode/json-simple/json-simple/1.1/json-simple-1.1.jar
7fd8e63dd000-7fd8e63df000 r--s 00023000 08:01 919194                     /home/proyecto/.m2/repository/org/jdom/jdom/1.1.3/jdom-1.1.3.jar
7fd8e63df000-7fd8e63f0000 r--s 000b2000 08:01 404049                     /home/proyecto/.m2/repository/com/vividsolutions/jts/1.13/jts-1.13.jar
7fd8e63f0000-7fd8e63f1000 r--s 00007000 08:01 822936                     /home/proyecto/.m2/repository/net/sf/geographiclib/GeographicLib-Java/1.44/GeographicLib-Java-1.44.jar
7fd8e63f1000-7fd8e63f2000 r--s 00002000 08:01 822915                     /home/proyecto/.m2/repository/jgridshift/jgridshift/1.0/jgridshift-1.0.jar
7fd8e63f2000-7fd8e63f5000 r--s 00014000 08:01 822934                     /home/proyecto/.m2/repository/net/java/dev/jsr-275/jsr-275/1.0-beta-2/jsr-275-1.0-beta-2.jar
7fd8e63f5000-7fd8e6403000 r--s 00048000 08:01 822920                     /home/proyecto/.m2/repository/org/geotools/gt-opengis/17.2/gt-opengis-17.2.jar
7fd8e6403000-7fd8e640c000 r--s 00075000 08:01 822918                     /home/proyecto/.m2/repository/org/geotools/gt-metadata/17.2/gt-metadata-17.2.jar
7fd8e640c000-7fd8e640f000 r--s 00015000 08:01 822932                     /home/proyecto/.m2/repository/commons-pool/commons-pool/1.5.4/commons-pool-1.5.4.jar
7fd8e640f000-7fd8e6414000 r--s 0004f000 08:01 822930                     /home/proyecto/.m2/repository/com/googlecode/efficient-java-matrix-library/core/0.26/core-0.26.jar
7fd8e6414000-7fd8e6424000 r--s 00116000 08:01 822912                     /home/proyecto/.m2/repository/org/geotools/gt-referencing/17.2/gt-referencing-17.2.jar
7fd8e6424000-7fd8e642a000 r--s 0002e000 08:01 822914                     /home/proyecto/.m2/repository/org/geotools/gt-api/17.2/gt-api-17.2.jar
7fd8e642a000-7fd8e6445000 r--s 00193000 08:01 822916                     /home/proyecto/.m2/repository/org/geotools/gt-main/17.2/gt-main-17.2.jar
7fd8e6445000-7fd8e6447000 r--s 0000e000 08:01 822910                     /home/proyecto/.m2/repository/org/geotools/gt-geojson/17.2/gt-geojson-17.2.jar
7fd8e6447000-7fd8e64c0000 r--s 010fd000 08:01 393329                     /usr/lib/jvm/java-8-openjdk-amd64/lib/tools.jar
7fd8e64c0000-7fd8e66c0000 rw-p 00000000 00:00 0 
7fd8e66c0000-7fd8e68c0000 rw-p 00000000 00:00 0 
7fd8e68c0000-7fd8e6ac0000 rw-p 00000000 00:00 0 
7fd8e6ac0000-7fd8e9000000 rw-p 00000000 00:00 0 
7fd8e9000000-7fd8e9ff0000 rwxp 00000000 00:00 0 
7fd8e9ff0000-7fd8f8000000 ---p 00000000 00:00 0 
7fd8f8000000-7fd8f9241000 rw-p 00000000 00:00 0 
7fd8f9241000-7fd8fc000000 ---p 00000000 00:00 0 
7fd8fc000000-7fd8fc009000 r--s 0005f000 08:01 403993                     /home/proyecto/.m2/repository/com/google/inject/guice/4.0/guice-4.0-no_aop.jar
7fd8fc009000-7fd8fc00d000 r--s 0000f000 08:01 403991                     /home/proyecto/.m2/repository/com/google/code/findbugs/annotations/2.0.1/annotations-2.0.1.jar
7fd8fc00d000-7fd8fc010000 r--s 0001d000 08:01 403985                     /home/proyecto/.m2/repository/org/reflections/reflections/0.9.10/reflections-0.9.10.jar
7fd8fc010000-7fd8fc012000 r--s 00005000 08:01 403983                     /home/proyecto/.m2/repository/com/github/racc/typesafeconfig-guice/0.0.3/typesafeconfig-guice-0.0.3.jar
7fd8fc012000-7fd8fc017000 r--s 00040000 08:01 403982                     /home/proyecto/.m2/repository/com/typesafe/config/1.3.1/config-1.3.1.jar
7fd8fc017000-7fd8fc018000 r--s 00002000 08:01 403980                     /home/proyecto/.m2/repository/org/slf4j/slf4j-simple/1.7.21/slf4j-simple-1.7.21.jar
7fd8fc018000-7fd8fc01b000 r--s 00008000 08:01 403962                     /home/proyecto/.m2/repository/org/eclipse/jetty/websocket/websocket-api/9.4.4.v20170414/websocket-api-9.4.4.v20170414.jar
7fd8fc01b000-7fd8fc01d000 r--s 00004000 08:01 403965                     /home/proyecto/.m2/repository/org/eclipse/jetty/websocket/websocket-servlet/9.4.4.v20170414/websocket-servlet-9.4.4.v20170414.jar
7fd8fc01d000-7fd8fc023000 r--s 0003c000 08:01 403938                     /home/proyecto/.m2/repository/org/eclipse/jetty/jetty-client/9.4.4.v20170414/jetty-client-9.4.4.v20170414.jar
7fd8fc023000-7fd8fc024000 r--s 00007000 08:01 403956                     /home/proyecto/.m2/repository/org/eclipse/jetty/websocket/websocket-client/9.4.4.v20170414/websocket-client-9.4.4.v20170414.jar
7fd8fc024000-7fd8fc029000 r--s 0002c000 08:01 403935                     /home/proyecto/.m2/repository/org/eclipse/jetty/websocket/websocket-common/9.4.4.v20170414/websocket-common-9.4.4.v20170414.jar
7fd8fc029000-7fd8fc02b000 r--s 00007000 08:01 403933                     /home/proyecto/.m2/repository/org/eclipse/jetty/websocket/websocket-server/9.4.4.v20170414/websocket-server-9.4.4.v20170414.jar
7fd8fc02b000-7fd8fc02e000 r--s 00014000 08:01 403930                     /home/proyecto/.m2/repository/org/eclipse/jetty/jetty-security/9.4.4.v20170414/jetty-security-9.4.4.v20170414.jar
7fd8fc02e000-7fd8fc030000 r--s 00019000 08:01 403936                     /home/proyecto/.m2/repository/org/eclipse/jetty/jetty-servlet/9.4.4.v20170414/jetty-servlet-9.4.4.v20170414.jar
7fd8fc030000-7fd8fc032000 r--s 0000b000 08:01 403941                     /home/proyecto/.m2/repository/org/eclipse/jetty/jetty-xml/9.4.4.v20170414/jetty-xml-9.4.4.v20170414.jar
7fd8fc032000-7fd8fc034000 r--s 0001c000 08:01 403939                     /home/proyecto/.m2/repository/org/eclipse/jetty/jetty-webapp/9.4.4.v20170414/jetty-webapp-9.4.4.v20170414.jar
7fd8fc034000-7fd8fc037000 r--s 0001d000 08:01 403953                     /home/proyecto/.m2/repository/org/eclipse/jetty/jetty-io/9.4.4.v20170414/jetty-io-9.4.4.v20170414.jar
7fd8fc037000-7fd8fc03f000 r--s 00068000 08:01 403951                     /home/proyecto/.m2/repository/org/eclipse/jetty/jetty-util/9.4.4.v20170414/jetty-util-9.4.4.v20170414.jar
7fd8fc03f000-7fd8fc042000 r--s 00025000 08:01 403948                     /home/proyecto/.m2/repository/org/eclipse/jetty/jetty-http/9.4.4.v20170414/jetty-http-9.4.4.v20170414.jar
7fd8fc042000-7fd8fc045000 r--s 00015000 08:01 403963                     /home/proyecto/.m2/repository/javax/servlet/javax.servlet-api/3.1.0/javax.servlet-api-3.1.0.jar
7fd8fc045000-7fd8fc04d000 r--s 00086000 08:01 403929                     /home/proyecto/.m2/repository/org/eclipse/jetty/jetty-server/9.4.4.v20170414/jetty-server-9.4.4.v20170414.jar
7fd8fc04d000-7fd8fc04f000 r--s 00007000 08:01 403925                     /home/proyecto/.m2/repository/org/slf4j/slf4j-api/1.7.13/slf4j-api-1.7.13.jar
7fd8fc04f000-7fd8fc053000 r--s 00021000 08:01 403923                     /home/proyecto/.m2/repository/com/sparkjava/spark-core/2.6.0/spark-core-2.6.0.jar
7fd8fc053000-7fd8fc054000 r--s 00004000 08:01 404676                     /home/proyecto/.m2/repository/org/codehaus/plexus/plexus-compiler-javac/2.7/plexus-compiler-javac-2.7.jar
7fd8fc054000-7fd8fc056000 r--s 00000000 08:01 404673                     /home/proyecto/.m2/repository/org/codehaus/plexus/plexus-compiler-manager/2.7/plexus-compiler-manager-2.7.jar
7fd8fc056000-7fd8fc058000 r--s 00005000 08:01 404671                     /home/proyecto/.m2/repository/org/codehaus/plexus/plexus-compiler-api/2.7/plexus-compiler-api-2.7.jar
7fd8fc058000-7fd8fc05a000 r--s 00002000 08:01 404670                     /home/proyecto/.m2/repository/org/apache/maven/shared/maven-shared-incremental/1.1/maven-shared-incremental-1.1.jar
7fd8fc05a000-7fd8fc05c000 r--s 00006000 08:01 404668                     /home/proyecto/.m2/repository/com/google/code/findbugs/jsr305/2.0.1/jsr305-2.0.1.jar
7fd8fc05c000-7fd8fc060000 r--s 0002a000 08:01 404667                     /home/proyecto/.m2/repository/commons-io/commons-io/2.4/commons-io-2.4.jar
7fd8fc060000-7fd8fc063000 r--s 00023000 08:01 404666                     /home/proyecto/.m2/repository/org/apache/maven/shared/maven-shared-utils/3.0.0/maven-shared-utils-3.0.0.jar
7fd8fc063000-7fd8fc065000 r--s 00002000 08:01 404660                     /home/proyecto/.m2/repository/org/sonatype/plexus/plexus-cipher/1.4/plexus-cipher-1.4.jar
7fd8fc065000-7fd8fc066000 r--s 00006000 08:01 404658                     /home/proyecto/.m2/repository/org/sonatype/plexus/plexus-sec-dispatcher/1.3/plexus-sec-dispatcher-1.3.jar
7fd8fc066000-7fd8fc068000 r--s 00000000 08:01 404657                     /home/proyecto/.m2/repository/org/codehaus/plexus/plexus-component-annotations/1.5.5/plexus-component-annotations-1.5.5.jar
7fd8fc068000-7fd8fc06a000 r--s 0000d000 08:01 404652                     /home/proyecto/.m2/repository/org/codehaus/plexus/plexus-interpolation/1.14/plexus-interpolation-1.14.jar
7fd8fc06a000-7fd8fc06e000 r--s 00017000 08:01 404651                     /home/proyecto/.m2/repository/org/sonatype/aether/aether-util/1.7/aether-util-1.7.jar
7fd8fc06e000-7fd8fc072000 r--s 00033000 08:01 404629                     /home/proyecto/.m2/repository/org/codehaus/plexus/plexus-utils/2.0.4/plexus-utils-2.0.4.jar
7fd8fc072000-7fd8fc07d000 r--s 00069000 08:01 404625                     /home/proyecto/.m2/repository/org/sonatype/sisu/sisu-guice/2.1.7/sisu-guice-2.1.7-noaop.jar
7fd8fc07d000-7fd8fc082000 r--s 00021000 08:01 404623                     /home/proyecto/.m2/repository/org/sonatype/sisu/sisu-inject-bean/1.4.2/sisu-inject-bean-1.4.2.jar
7fd8fc082000-7fd8fc084000 r--s 0000b000 08:01 404090                     /home/proyecto/.m2/repository/org/apache/maven/plugins/maven-compiler-plugin/3.5.1/maven-compiler-plugin-3.5.1.jar
7fd8fc084000-7fd8fc086000 r--s 0000d000 08:01 404988                     /home/proyecto/.m2/repository/org/codehaus/plexus/plexus-interpolation/1.13/plexus-interpolation-1.13.jar
7fd8fc086000-7fd8fc087000 r--s 00001000 08:01 404985                     /home/proyecto/.m2/repository/org/sonatype/plexus/plexus-build-api/0.0.4/plexus-build-api-0.0.4.jar
7fd8fc087000-7fd8fc089000 r--s 00009000 08:01 404983                     /home/proyecto/.m2/repository/org/apache/maven/shared/maven-filtering/1.1/maven-filtering-1.1.jar
7fd8fc089000-7fd8fc08d000 r--s 00033000 08:01 404982                     /home/proyecto/.m2/repository/org/codehaus/plexus/plexus-utils/2.0.5/plexus-utils-2.0.5.jar
7fd8fc08d000-7fd8fc090000 r--s 0001b000 08:01 403848                     /home/proyecto/.m2/repository/junit/junit/3.8.1/junit-3.8.1.jar
7fd8fc090000-7fd8fc092000 r--s 00002000 08:01 404757                     /home/proyecto/.m2/repository/org/codehaus/plexus/plexus-interactivity-api/1.0-alpha-4/plexus-interactivity-api-1.0-alpha-4.jar
7fd8fc092000-7fd8fc094000 r--s 00006000 08:01 404970                     /home/proyecto/.m2/repository/commons-cli/commons-cli/1.0/commons-cli-1.0.jar
7fd8fc094000-7fd8fc095000 r--s 00001000 08:01 404964                     /home/proyecto/.m2/repository/org/apache/maven/doxia/doxia-sink-api/1.0-alpha-7/doxia-sink-api-1.0-alpha-7.jar
7fd8fc095000-7fd8fc096000 r--s 00002000 08:01 404961                     /home/proyecto/.m2/repository/org/apache/maven/reporting/maven-reporting-api/2.0.6/maven-reporting-api-2.0.6.jar
7fd8fc096000-7fd8fc098000 r--s 00006000 08:01 404829                     /home/proyecto/.m2/repository/org/apache/maven/plugins/maven-resources-plugin/2.6/maven-resources-plugin-2.6.jar
7fd8fc098000-7fd8fc09c000 r--s 00034000 08:01 404818                     /home/proyecto/.m2/repository/org/codehaus/plexus/plexus-utils/3.0/plexus-utils-3.0.jar
7fd8fc09c000-7fd8fc09e000 r--s 00005000 08:01 404786                     /home/proyecto/.m2/repository/org/apache/maven/plugins/maven-clean-plugin/2.5/maven-clean-plugin-2.5.jar
7fd8fc09e000-7fd8fc0a3000 r--s 0009a000 08:01 402559                     /usr/lib/jvm/java-8-openjdk-amd64/jre/lib/jsse.jar
7fd8fc0a3000-7fd8fc0aa000 r--s 0005d000 08:01 250808                     /usr/share/java/commons-lang3.jar
7fd8fc0aa000-7fd8fc0ab000 r--s 00008000 08:01 250992                     /usr/share/java/eclipse-aether-connector-basic.jar
7fd8fc0ab000-7fd8fc0b0000 r--s 00040000 08:01 250805                     /usr/share/java/commons-lang-2.6.jar
7fd8fc0b0000-7fd8fc0b7000 r--s 0002c000 08:01 251156                     /usr/share/java/sisu-plexus.jar
7fd8fc0b7000-7fd8fc0b9000 r--s 00001000 08:01 251009                     /usr/share/java/aopalliance-1.0.jar
7fd8fc0b9000-7fd8fc0bb000 r--s 00027000 08:01 251182                     /usr/share/java/maven3-model-3.3.9.jar
7fd8fc0bb000-7fd8fc0bd000 r--s 0000a000 08:01 251176                     /usr/share/java/maven3-plugin-api-3.3.9.jar
7fd8fc0bd000-7fd8fc0be000 r--s 00006000 08:01 251080                     /usr/share/java/plexus-sec-dispatcher.jar
7fd8fc0be000-7fd8fc0cc000 r--s 00095000 08:01 251014                     /usr/share/java/guice.jar
7fd8fc0cc000-7fd8fc0cd000 r--s 00000000 08:01 250775                     /usr/share/java/geronimo-interceptor-3.0-spec-1.0.1.jar
7fd8fc0cd000-7fd8fc0cf000 r--s 00012000 08:01 250778                     /usr/share/java/el-api-3.0.jar
7fd8fc0cf000-7fd8fc0d0000 r--s 00000000 08:01 250770                     /usr/share/java/atinject-jsr330-api-1.0.jar
7fd8fc0d0000-7fd8fc0d3000 r--s 00008000 08:01 250782                     /usr/share/java/cdi-api-1.0.jar
7fd8fc0d3000-7fd8fc0d8000 r--s 0001d000 08:01 250996                     /usr/share/java/eclipse-aether-api.jar
7fd8fc0d8000-7fd8fc0dd000 r--s 00025000 08:01 251180                     /usr/share/java/maven3-model-builder-3.3.9.jar
7fd8fc0dd000-7fd8fc0df000 r--s 00000000 08:01 251130                     /usr/share/java/plexus-component-annotations-1.5.jar
7fd8fc0df000-7fd8fc0e1000 r--s 0000a000 08:01 250790                     /usr/share/java/commons-cli-1.3.1.jar
7fd8fc0e1000-7fd8fc0e3000 r--s 0000d000 08:01 251183                     /usr/share/java/maven3-aether-provider-3.3.9.jar
7fd8fc0e3000-7fd8fc0eb000 r--s 00054000 08:01 251143                     /usr/share/java/sisu-inject.jar
7fd8fc0eb000-7fd8fc0ed000 r--s 0000e000 08:01 250863                     /usr/share/java/plexus-interpolation.jar
7fd8fc0ed000-7fd8fc0ef000 r--s 00006000 08:01 250994                     /usr/share/java/eclipse-aether-spi.jar
7fd8fc0ef000-7fd8fc0f5000 r--s 00048000 08:01 250929                     /usr/share/java/jsoup.jar
7fd8fc0f5000-7fd8fc0f9000 r--s 00027000 08:01 250803                     /usr/share/java/commons-io-2.4.jar
7fd8fc0f9000-7fd8fc0fb000 r--s 00013000 08:01 251181                     /usr/share/java/maven3-embedder-3.3.9.jar
7fd8fc0fb000-7fd8fc102000 r--s 00041000 08:01 251177                     /usr/share/java/maven3-compat-3.3.9.jar
7fd8fc102000-7fd8fc106000 r--s 00038000 08:01 251125                     /usr/share/java/plexus-utils2.jar
7fd8fc106000-7fd8fc10a000 r--s 00020000 08:01 250997                     /usr/share/java/eclipse-aether-util.jar
7fd8fc10a000-7fd8fc10c000 r--s 00007000 08:01 250885                     /usr/share/java/slf4j-api.jar
7fd8fc10c000-7fd8fc13d000 r--s 00207000 08:01 251163                     /usr/share/java/wagon-http-shaded-2.x.jar
7fd8fc13d000-7fd8fc13f000 r--s 00002000 08:01 251078                     /usr/share/java/plexus-cipher.jar
7fd8fc13f000-7fd8fc14c000 r--s 0008d000 08:01 251178                     /usr/share/java/maven3-core-3.3.9.jar
7fd8fc14c000-7fd8fc14f000 r--s 00007000 08:01 251184                     /usr/share/java/maven3-settings-builder-3.3.9.jar
7fd8fc14f000-7fd8fc17b000 r--s 00208000 08:01 250934                     /usr/share/java/guava.jar
7fd8fc17b000-7fd8fc196000 r--s 001d6000 08:01 402550                     /usr/lib/jvm/java-8-openjdk-amd64/jre/lib/ext/nashorn.jar
7fd8fc196000-7fd8fc1b1000 r--s 00394000 08:01 402549                     /usr/lib/jvm/java-8-openjdk-amd64/jre/lib/ext/cldrdata.jar
7fd8fc1b1000-7fd8fc1b2000 ---p 00000000 00:00 0 
7fd8fc1b2000-7fd8fc2b2000 rw-p 00000000 00:00 0 
7fd8fc2b2000-7fd8fc2b5000 ---p 00000000 00:00 0 
7fd8fc2b5000-7fd8fc3b3000 rw-p 00000000 00:00 0 
7fd8fc3b3000-7fd8fc3b6000 ---p 00000000 00:00 0 
7fd8fc3b6000-7fd8fc4b4000 rw-p 00000000 00:00 0 
7fd8fc4b4000-7fd8fc4b7000 ---p 00000000 00:00 0 
7fd8fc4b7000-7fd8fc5b5000 rw-p 00000000 00:00 0 
7fd8fc5b5000-7fd8fc5b8000 ---p 00000000 00:00 0 
7fd8fc5b8000-7fd8fc6b6000 rw-p 00000000 00:00 0 
7fd8fc6b6000-7fd8fcabf000 r--p 00000000 08:01 144015                     /usr/lib/locale/locale-archive
7fd8fcabf000-7fd8fcac2000 ---p 00000000 00:00 0 
7fd8fcac2000-7fd8fcbc0000 rw-p 00000000 00:00 0 
7fd8fcbc0000-7fd8fcbc3000 ---p 00000000 00:00 0 
7fd8fcbc3000-7fd8fccc1000 rw-p 00000000 00:00 0 
7fd8fccc1000-7fd8fccc2000 ---p 00000000 00:00 0 
7fd8fccc2000-7fd8fd75b000 rw-p 00000000 00:00 0 
7fd8fd75b000-7fd8fd929000 r--s 03c13000 08:01 402548                     /usr/lib/jvm/java-8-openjdk-amd64/jre/lib/rt.jar
7fd8fd929000-7fd8fe3f3000 rw-p 00000000 00:00 0 
7fd8fe3f3000-7fd8fe3f4000 ---p 00000000 00:00 0 
7fd8fe3f4000-7fd8fe4f4000 rw-p 00000000 00:00 0 
7fd8fe4f4000-7fd8fe4f5000 ---p 00000000 00:00 0 
7fd8fe4f5000-7fd8fe60d000 rw-p 00000000 00:00 0 
7fd8fe60d000-7fd8fe783000 ---p 00000000 00:00 0 
7fd8fe783000-7fd8fe79b000 rw-p 00000000 00:00 0 
7fd8fe79b000-7fd8fe910000 ---p 00000000 00:00 0 
7fd8fe910000-7fd8fe988000 rw-p 00000000 00:00 0 
7fd8fe988000-7fd8fe9d7000 ---p 00000000 00:00 0 
7fd8fe9d7000-7fd8fea18000 rw-p 00000000 00:00 0 
7fd8fea18000-7fd8fed98000 ---p 00000000 00:00 0 
7fd8fed98000-7fd8feda0000 r-xp 00000000 08:01 402571                     /usr/lib/jvm/java-8-openjdk-amd64/jre/lib/amd64/libzip.so
7fd8feda0000-7fd8fef9f000 ---p 00008000 08:01 402571                     /usr/lib/jvm/java-8-openjdk-amd64/jre/lib/amd64/libzip.so
7fd8fef9f000-7fd8fefa0000 r--p 00007000 08:01 402571                     /usr/lib/jvm/java-8-openjdk-amd64/jre/lib/amd64/libzip.so
7fd8fefa0000-7fd8fefa1000 rw-p 00008000 08:01 402571                     /usr/lib/jvm/java-8-openjdk-amd64/jre/lib/amd64/libzip.so
7fd8fefa1000-7fd8fefac000 r-xp 00000000 08:01 8642                       /lib/x86_64-linux-gnu/libnss_files-2.23.so
7fd8fefac000-7fd8ff1ab000 ---p 0000b000 08:01 8642                       /lib/x86_64-linux-gnu/libnss_files-2.23.so
7fd8ff1ab000-7fd8ff1ac000 r--p 0000a000 08:01 8642                       /lib/x86_64-linux-gnu/libnss_files-2.23.so
7fd8ff1ac000-7fd8ff1ad000 rw-p 0000b000 08:01 8642                       /lib/x86_64-linux-gnu/libnss_files-2.23.so
7fd8ff1ad000-7fd8ff1b3000 rw-p 00000000 00:00 0 
7fd8ff1b3000-7fd8ff1be000 r-xp 00000000 08:01 8645                       /lib/x86_64-linux-gnu/libnss_nis-2.23.so
7fd8ff1be000-7fd8ff3bd000 ---p 0000b000 08:01 8645                       /lib/x86_64-linux-gnu/libnss_nis-2.23.so
7fd8ff3bd000-7fd8ff3be000 r--p 0000a000 08:01 8645                       /lib/x86_64-linux-gnu/libnss_nis-2.23.so
7fd8ff3be000-7fd8ff3bf000 rw-p 0000b000 08:01 8645                       /lib/x86_64-linux-gnu/libnss_nis-2.23.so
7fd8ff3bf000-7fd8ff3d5000 r-xp 00000000 08:01 8638                       /lib/x86_64-linux-gnu/libnsl-2.23.so
7fd8ff3d5000-7fd8ff5d4000 ---p 00016000 08:01 8638                       /lib/x86_64-linux-gnu/libnsl-2.23.so
7fd8ff5d4000-7fd8ff5d5000 r--p 00015000 08:01 8638                       /lib/x86_64-linux-gnu/libnsl-2.23.so
7fd8ff5d5000-7fd8ff5d6000 rw-p 00016000 08:01 8638                       /lib/x86_64-linux-gnu/libnsl-2.23.so
7fd8ff5d6000-7fd8ff5d8000 rw-p 00000000 00:00 0 
7fd8ff5d8000-7fd8ff5e0000 r-xp 00000000 08:01 74568                      /lib/x86_64-linux-gnu/libnss_compat-2.23.so
7fd8ff5e0000-7fd8ff7df000 ---p 00008000 08:01 74568                      /lib/x86_64-linux-gnu/libnss_compat-2.23.so
7fd8ff7df000-7fd8ff7e0000 r--p 00007000 08:01 74568                      /lib/x86_64-linux-gnu/libnss_compat-2.23.so
7fd8ff7e0000-7fd8ff7e1000 rw-p 00008000 08:01 74568                      /lib/x86_64-linux-gnu/libnss_compat-2.23.so
7fd8ff7e1000-7fd8ff80e000 r-xp 00000000 08:01 402586                     /usr/lib/jvm/java-8-openjdk-amd64/jre/lib/amd64/libjava.so
7fd8ff80e000-7fd8ffa0d000 ---p 0002d000 08:01 402586                     /usr/lib/jvm/java-8-openjdk-amd64/jre/lib/amd64/libjava.so
7fd8ffa0d000-7fd8ffa0e000 r--p 0002c000 08:01 402586                     /usr/lib/jvm/java-8-openjdk-amd64/jre/lib/amd64/libjava.so
7fd8ffa0e000-7fd8ffa10000 rw-p 0002d000 08:01 402586                     /usr/lib/jvm/java-8-openjdk-amd64/jre/lib/amd64/libjava.so
7fd8ffa10000-7fd8ffa1f000 r-xp 00000000 08:01 402565                     /usr/lib/jvm/java-8-openjdk-amd64/jre/lib/amd64/libverify.so
7fd8ffa1f000-7fd8ffc1e000 ---p 0000f000 08:01 402565                     /usr/lib/jvm/java-8-openjdk-amd64/jre/lib/amd64/libverify.so
7fd8ffc1e000-7fd8ffc20000 r--p 0000e000 08:01 402565                     /usr/lib/jvm/java-8-openjdk-amd64/jre/lib/amd64/libverify.so
7fd8ffc20000-7fd8ffc21000 rw-p 00010000 08:01 402565                     /usr/lib/jvm/java-8-openjdk-amd64/jre/lib/amd64/libverify.so
7fd8ffc21000-7fd8ffc28000 r-xp 00000000 08:01 74561                      /lib/x86_64-linux-gnu/librt-2.23.so
7fd8ffc28000-7fd8ffe27000 ---p 00007000 08:01 74561                      /lib/x86_64-linux-gnu/librt-2.23.so
7fd8ffe27000-7fd8ffe28000 r--p 00006000 08:01 74561                      /lib/x86_64-linux-gnu/librt-2.23.so
7fd8ffe28000-7fd8ffe29000 rw-p 00007000 08:01 74561                      /lib/x86_64-linux-gnu/librt-2.23.so
7fd8ffe29000-7fd8ffe3f000 r-xp 00000000 08:01 7519                       /lib/x86_64-linux-gnu/libgcc_s.so.1
7fd8ffe3f000-7fd90003e000 ---p 00016000 08:01 7519                       /lib/x86_64-linux-gnu/libgcc_s.so.1
7fd90003e000-7fd90003f000 rw-p 00015000 08:01 7519                       /lib/x86_64-linux-gnu/libgcc_s.so.1
7fd90003f000-7fd900147000 r-xp 00000000 08:01 78996                      /lib/x86_64-linux-gnu/libm-2.23.so
7fd900147000-7fd900346000 ---p 00108000 08:01 78996                      /lib/x86_64-linux-gnu/libm-2.23.so
7fd900346000-7fd900347000 r--p 00107000 08:01 78996                      /lib/x86_64-linux-gnu/libm-2.23.so
7fd900347000-7fd900348000 rw-p 00108000 08:01 78996                      /lib/x86_64-linux-gnu/libm-2.23.so
7fd900348000-7fd9004ba000 r-xp 00000000 08:01 147159                     /usr/lib/x86_64-linux-gnu/libstdc++.so.6.0.21
7fd9004ba000-7fd9006ba000 ---p 00172000 08:01 147159                     /usr/lib/x86_64-linux-gnu/libstdc++.so.6.0.21
7fd9006ba000-7fd9006c4000 r--p 00172000 08:01 147159                     /usr/lib/x86_64-linux-gnu/libstdc++.so.6.0.21
7fd9006c4000-7fd9006c6000 rw-p 0017c000 08:01 147159                     /usr/lib/x86_64-linux-gnu/libstdc++.so.6.0.21
7fd9006c6000-7fd9006ca000 rw-p 00000000 00:00 0 
7fd9006ca000-7fd90131e000 r-xp 00000000 08:01 402570                     /usr/lib/jvm/java-8-openjdk-amd64/jre/lib/amd64/server/libjvm.so
7fd90131e000-7fd90151e000 ---p 00c54000 08:01 402570                     /usr/lib/jvm/java-8-openjdk-amd64/jre/lib/amd64/server/libjvm.so
7fd90151e000-7fd9015b1000 r--p 00c54000 08:01 402570                     /usr/lib/jvm/java-8-openjdk-amd64/jre/lib/amd64/server/libjvm.so
7fd9015b1000-7fd9015da000 rw-p 00ce7000 08:01 402570                     /usr/lib/jvm/java-8-openjdk-amd64/jre/lib/amd64/server/libjvm.so
7fd9015da000-7fd90160a000 rw-p 00000000 00:00 0 
7fd90160a000-7fd901622000 r-xp 00000000 08:01 8644                       /lib/x86_64-linux-gnu/libpthread-2.23.so
7fd901622000-7fd901821000 ---p 00018000 08:01 8644                       /lib/x86_64-linux-gnu/libpthread-2.23.so
7fd901821000-7fd901822000 r--p 00017000 08:01 8644                       /lib/x86_64-linux-gnu/libpthread-2.23.so
7fd901822000-7fd901823000 rw-p 00018000 08:01 8644                       /lib/x86_64-linux-gnu/libpthread-2.23.so
7fd901823000-7fd901827000 rw-p 00000000 00:00 0 
7fd901827000-7fd90182a000 r-xp 00000000 08:01 74567                      /lib/x86_64-linux-gnu/libdl-2.23.so
7fd90182a000-7fd901a29000 ---p 00003000 08:01 74567                      /lib/x86_64-linux-gnu/libdl-2.23.so
7fd901a29000-7fd901a2a000 r--p 00002000 08:01 74567                      /lib/x86_64-linux-gnu/libdl-2.23.so
7fd901a2a000-7fd901a2b000 rw-p 00003000 08:01 74567                      /lib/x86_64-linux-gnu/libdl-2.23.so
7fd901a2b000-7fd901a44000 r-xp 00000000 08:01 392                        /lib/x86_64-linux-gnu/libz.so.1.2.8
7fd901a44000-7fd901c43000 ---p 00019000 08:01 392                        /lib/x86_64-linux-gnu/libz.so.1.2.8
7fd901c43000-7fd901c44000 r--p 00018000 08:01 392                        /lib/x86_64-linux-gnu/libz.so.1.2.8
7fd901c44000-7fd901c45000 rw-p 00019000 08:01 392                        /lib/x86_64-linux-gnu/libz.so.1.2.8
7fd901c45000-7fd901e05000 r-xp 00000000 08:01 79004                      /lib/x86_64-linux-gnu/libc-2.23.so
7fd901e05000-7fd902005000 ---p 001c0000 08:01 79004                      /lib/x86_64-linux-gnu/libc-2.23.so
7fd902005000-7fd902009000 r--p 001c0000 08:01 79004                      /lib/x86_64-linux-gnu/libc-2.23.so
7fd902009000-7fd90200b000 rw-p 001c4000 08:01 79004                      /lib/x86_64-linux-gnu/libc-2.23.so
7fd90200b000-7fd90200f000 rw-p 00000000 00:00 0 
7fd90200f000-7fd90201c000 r-xp 00000000 08:01 402563                     /usr/lib/jvm/java-8-openjdk-amd64/jre/lib/amd64/jli/libjli.so
7fd90201c000-7fd90221c000 ---p 0000d000 08:01 402563                     /usr/lib/jvm/java-8-openjdk-amd64/jre/lib/amd64/jli/libjli.so
7fd90221c000-7fd90221d000 r--p 0000d000 08:01 402563                     /usr/lib/jvm/java-8-openjdk-amd64/jre/lib/amd64/jli/libjli.so
7fd90221d000-7fd90221e000 rw-p 0000e000 08:01 402563                     /usr/lib/jvm/java-8-openjdk-amd64/jre/lib/amd64/jli/libjli.so
7fd90221e000-7fd902244000 r-xp 00000000 08:01 8639                       /lib/x86_64-linux-gnu/ld-2.23.so
7fd902244000-7fd902245000 r--s 0000a000 08:01 251175                     /usr/share/java/maven3-settings-3.3.9.jar
7fd902245000-7fd902247000 r--s 00001000 08:01 251185                     /usr/share/java/maven3-builder-support-3.3.9.jar
7fd902247000-7fd902249000 r--s 0000a000 08:01 251160                     /usr/share/java/wagon-provider-api-2.x.jar
7fd902249000-7fd90224c000 r--s 0000a000 08:01 251186                     /usr/share/java/maven3-artifact-3.3.9.jar
7fd90224c000-7fd90224d000 r--s 00002000 08:01 250882                     /usr/share/java/slf4j-simple.jar
7fd90224d000-7fd902251000 r--s 00027000 08:01 250988                     /usr/share/java/eclipse-aether-impl.jar
7fd902251000-7fd902252000 r--s 00006000 08:01 251146                     /usr/share/java/maven3-repository-metadata-3.3.9.jar
7fd902252000-7fd902253000 r--s 00001000 08:01 251165                     /usr/share/java/wagon-http-shared-2.x.jar
7fd902253000-7fd902254000 r--s 00004000 08:01 250769                     /usr/share/java/atinject-jsr330-tck-1.0.jar
7fd902254000-7fd902256000 r--s 00005000 08:01 250995                     /usr/share/java/eclipse-aether-transport-wagon.jar
7fd902256000-7fd902258000 r--s 0000a000 08:01 251123                     /usr/share/java/plexus-classworlds2-2.5.2.jar
7fd902258000-7fd90225b000 r--s 0000f000 08:01 402556                     /usr/lib/jvm/java-8-openjdk-amd64/jre/lib/ext/icedtea-sound.jar
7fd90225b000-7fd90225f000 r--s 00037000 08:01 402552                     /usr/lib/jvm/java-8-openjdk-amd64/jre/lib/ext/sunpkcs11.jar
7fd90225f000-7fd902261000 r--s 00008000 08:01 402557                     /usr/lib/jvm/java-8-openjdk-amd64/jre/lib/ext/sunec.jar
7fd902261000-7fd902263000 r--s 00001000 08:01 402553                     /usr/lib/jvm/java-8-openjdk-amd64/jre/lib/ext/dnsns.jar
7fd902263000-7fd90231f000 rw-p 00000000 00:00 0 
7fd90231f000-7fd902322000 ---p 00000000 00:00 0 
7fd902322000-7fd902424000 rw-p 00000000 00:00 0 
7fd902424000-7fd902425000 r--s 00001000 08:01 251159                     /usr/share/java/wagon-file-2.x.jar
7fd902425000-7fd902426000 r--s 0000a000 08:01 402554                     /usr/lib/jvm/java-8-openjdk-amd64/jre/lib/ext/jaccess.jar
7fd902426000-7fd902430000 r--s 00116000 08:01 402551                     /usr/lib/jvm/java-8-openjdk-amd64/jre/lib/ext/localedata.jar
7fd902430000-7fd902431000 r--s 00010000 08:01 402558                     /usr/lib/jvm/java-8-openjdk-amd64/jre/lib/ext/zipfs.jar
7fd902431000-7fd902436000 r--s 0003b000 08:01 402555                     /usr/lib/jvm/java-8-openjdk-amd64/jre/lib/ext/sunjce_provider.jar
7fd902436000-7fd90243e000 rw-s 00000000 08:01 692                        /tmp/hsperfdata_proyecto/6039
7fd90243e000-7fd90243f000 rw-p 00000000 00:00 0 
7fd90243f000-7fd902440000 ---p 00000000 00:00 0 
7fd902440000-7fd902443000 rw-p 00000000 00:00 0 
7fd902443000-7fd902444000 r--p 00025000 08:01 8639                       /lib/x86_64-linux-gnu/ld-2.23.so
7fd902444000-7fd902445000 rw-p 00026000 08:01 8639                       /lib/x86_64-linux-gnu/ld-2.23.so
7fd902445000-7fd902446000 rw-p 00000000 00:00 0 
7ffdef3c4000-7ffdef3e6000 rw-p 00000000 00:00 0                          [stack]
7ffdef3f2000-7ffdef3f4000 r--p 00000000 00:00 0                          [vvar]
7ffdef3f4000-7ffdef3f6000 r-xp 00000000 00:00 0                          [vdso]
ffffffffff600000-ffffffffff601000 r-xp 00000000 00:00 0                  [vsyscall]

VM Arguments:
jvm_args: -Dclassworlds.conf=/usr/share/maven/bin/m2.conf -Dmaven.home=/usr/share/maven -Dmaven.multiModuleProjectDirectory=/home/proyecto/Documents/proyecto2017/sigo 
java_command: org.codehaus.plexus.classworlds.launcher.Launcher clean package
java_class_path (initial): /usr/share/maven/boot/plexus-classworlds-2.x.jar
Launcher Type: SUN_STANDARD

Environment Variables:
JAVA_HOME=/usr/lib/jvm/java-8-openjdk-amd64
PATH=/home/proyecto/bin:/home/proyecto/.local/bin:./bin/:./sbin/:./games/:../bin/:../sbin/:/home/proyecto/bin:/home/proyecto/.local/bin:/usr/local/sbin:/usr/local/bin:/usr/sbin:/usr/bin:/sbin:/bin:/usr/games:/usr/local/games:/snap/bin:/snap/bin
LD_LIBRARY_PATH=/home/proyecto/.local/share/JetBrains/Toolbox/apps/IDEA-C/ch-0/171.4694.70/bin:share/jetbrains-toolbox:share/jetbrains-toolbox/lib:./lib/:./lib/i386-linux-gnu/:./lib/x86_64-linux-gnu/:./lib32/:./lib64/:../lib/:../lib/i386-linux-gnu/:../lib/x86_64-linux-gnu/:../lib32/:../lib64/:
SHELL=/bin/bash
DISPLAY=:0

Signal Handlers:
SIGSEGV: [libjvm.so+0xa6ad10], sa_mask[0]=11111111011111111101111111111110, sa_flags=SA_RESTART|SA_SIGINFO
SIGBUS: [libjvm.so+0xa6ad10], sa_mask[0]=11111111011111111101111111111110, sa_flags=SA_RESTART|SA_SIGINFO
SIGFPE: [libjvm.so+0x8b3bc0], sa_mask[0]=11111111011111111101111111111110, sa_flags=SA_RESTART|SA_SIGINFO
SIGPIPE: [libjvm.so+0x8b3bc0], sa_mask[0]=11111111011111111101111111111110, sa_flags=SA_RESTART|SA_SIGINFO
SIGXFSZ: [libjvm.so+0x8b3bc0], sa_mask[0]=11111111011111111101111111111110, sa_flags=SA_RESTART|SA_SIGINFO
SIGILL: [libjvm.so+0x8b3bc0], sa_mask[0]=11111111011111111101111111111110, sa_flags=SA_RESTART|SA_SIGINFO
SIGUSR1: SIG_DFL, sa_mask[0]=00000000000000000000000000000000, sa_flags=none
SIGUSR2: [libjvm.so+0x8b3a70], sa_mask[0]=00100000000000000000000000000000, sa_flags=SA_RESTART|SA_SIGINFO
SIGHUP: [libjvm.so+0x8b3f40], sa_mask[0]=11111111011111111101111111111110, sa_flags=SA_RESTART|SA_SIGINFO
SIGINT: [libjvm.so+0x8b3f40], sa_mask[0]=11111111011111111101111111111110, sa_flags=SA_RESTART|SA_SIGINFO
SIGTERM: [libjvm.so+0x8b3f40], sa_mask[0]=11111111011111111101111111111110, sa_flags=SA_RESTART|SA_SIGINFO
SIGQUIT: [libjvm.so+0x8b3f40], sa_mask[0]=11111111011111111101111111111110, sa_flags=SA_RESTART|SA_SIGINFO


---------------  S Y S T E M  ---------------

OS:DISTRIB_ID=Ubuntu
DISTRIB_RELEASE=16.04
DISTRIB_CODENAME=xenial
DISTRIB_DESCRIPTION="Ubuntu 16.04.2 LTS"

uname:Linux 4.10.0-37-generic #41~16.04.1-Ubuntu SMP Fri Oct 6 22:42:59 UTC 2017 x86_64
libc:glibc 2.23 NPTL 2.23 
rlimit: STACK 8192k, CORE 0k, NPROC 18871, NOFILE 65536, AS infinity
load average:15,71 6,50 3,25

/proc/meminfo:
MemTotal:        4875708 kB
MemFree:           88596 kB
MemAvailable:          0 kB
Buffers:             324 kB
Cached:           118744 kB
SwapCached:            0 kB
Active:          4520948 kB
Inactive:          81072 kB
Active(anon):    4512860 kB
Inactive(anon):    72860 kB
Active(file):       8088 kB
Inactive(file):     8212 kB
Unevictable:         536 kB
Mlocked:             536 kB
SwapTotal:             0 kB
SwapFree:              0 kB
Dirty:               136 kB
Writeback:           412 kB
AnonPages:       4483612 kB
Mapped:            92060 kB
Shmem:            102644 kB
Slab:              66900 kB
SReclaimable:      29156 kB
SUnreclaim:        37744 kB
KernelStack:       12384 kB
PageTables:        59756 kB
NFS_Unstable:          0 kB
Bounce:                0 kB
WritebackTmp:          0 kB
CommitLimit:     2437852 kB
Committed_AS:   10540752 kB
VmallocTotal:   34359738367 kB
VmallocUsed:           0 kB
VmallocChunk:          0 kB
HardwareCorrupted:     0 kB
AnonHugePages:   2215936 kB
ShmemHugePages:        0 kB
ShmemPmdMapped:        0 kB
CmaTotal:              0 kB
CmaFree:               0 kB
HugePages_Total:       0
HugePages_Free:        0
HugePages_Rsvd:        0
HugePages_Surp:        0
Hugepagesize:       2048 kB
DirectMap4k:      184256 kB
DirectMap2M:     4855808 kB


CPU:total 2 (initial active 2) (2 cores per cpu, 1 threads per core) family 6 model 142 stepping 9, cmov, cx8, fxsr, mmx, sse, sse2, sse3, ssse3, sse4.1, sse4.2, popcnt, avx, aes, clmul, 3dnowpref, lzcnt, tsc, tscinvbit

/proc/cpuinfo:
processor	: 0
vendor_id	: GenuineIntel
cpu family	: 6
model		: 142
model name	: Intel(R) Core(TM) i5-7200U CPU @ 2.50GHz
stepping	: 9
cpu MHz		: 2712.000
cache size	: 3072 KB
physical id	: 0
siblings	: 2
core id		: 0
cpu cores	: 2
apicid		: 0
initial apicid	: 0
fpu		: yes
fpu_exception	: yes
cpuid level	: 22
wp		: yes
flags		: fpu vme de pse tsc msr pae mce cx8 apic sep mtrr pge mca cmov pat pse36 clflush mmx fxsr sse sse2 ht syscall nx rdtscp lm constant_tsc rep_good nopl xtopology nonstop_tsc pni pclmulqdq ssse3 cx16 sse4_1 sse4_2 x2apic movbe popcnt aes xsave avx rdrand hypervisor lahf_lm abm 3dnowprefetch rdseed clflushopt
bugs		:
bogomips	: 5424.00
clflush size	: 64
cache_alignment	: 64
address sizes	: 39 bits physical, 48 bits virtual
power management:

processor	: 1
vendor_id	: GenuineIntel
cpu family	: 6
model		: 142
model name	: Intel(R) Core(TM) i5-7200U CPU @ 2.50GHz
stepping	: 9
cpu MHz		: 2712.000
cache size	: 3072 KB
physical id	: 0
siblings	: 2
core id		: 1
cpu cores	: 2
apicid		: 1
initial apicid	: 1
fpu		: yes
fpu_exception	: yes
cpuid level	: 22
wp		: yes
flags		: fpu vme de pse tsc msr pae mce cx8 apic sep mtrr pge mca cmov pat pse36 clflush mmx fxsr sse sse2 ht syscall nx rdtscp lm constant_tsc rep_good nopl xtopology nonstop_tsc pni pclmulqdq ssse3 cx16 sse4_1 sse4_2 x2apic movbe popcnt aes xsave avx rdrand hypervisor lahf_lm abm 3dnowprefetch rdseed clflushopt
bugs		:
bogomips	: 5424.00
clflush size	: 64
cache_alignment	: 64
address sizes	: 39 bits physical, 48 bits virtual
power management:



Memory: 4k page, physical 4875708k(88264k free), swap 0k(0k free)

vm_info: OpenJDK 64-Bit Server VM (25.131-b11) for linux-amd64 JRE (1.8.0_131-8u131-b11-2ubuntu1.16.04.3-b11), built on Jul 28 2017 01:23:32 by "buildd" with gcc 5.4.0 20160609

time: Sat Dec  2 18:17:53 2017
elapsed time: 108 seconds (0d 0h 1m 48s)

